<?xml version="1.0" encoding="UTF-8"?>
<!-- Generated by org.testng.reporters.JUnitXMLReporter -->
<testsuite hostname="Chetuiwk255" ignored="0" name="Default test" tests="3" failures="0" timestamp="03 Jan 2020 16:23:01 GMT" time="157.083" errors="0">
  <testcase name="addnewcontactest" time="5.599" classname="com.qa.testcases.Contactspagetest"/>
  <testcase name="addnewcontactest" time="3.888" classname="com.qa.testcases.Contactspagetest"/>
  <testcase name="addnewcontactest" time="4.451" classname="com.qa.testcases.Contactspagetest"/>
</testsuite> <!-- Default test -->
