<?xml version="1.0" encoding="UTF-8"?>
<testng-results skipped="0" failed="0" ignored="0" total="3" passed="3">
  <reporter-output>
  </reporter-output>
  <suite name="Default suite" duration-ms="157083" started-at="2020-01-03T16:20:24Z" finished-at="2020-01-03T16:23:01Z">
    <groups>
    </groups>
    <test name="Default test" duration-ms="157083" started-at="2020-01-03T16:20:24Z" finished-at="2020-01-03T16:23:01Z">
      <class name="com.qa.testcases.Contactspagetest">
        <test-method status="PASS" signature="setup()[pri:0, instance:com.qa.testcases.Contactspagetest@59ec2012]" name="setup" is-config="true" duration-ms="62501" started-at="2020-01-03T16:20:27Z" finished-at="2020-01-03T16:21:29Z">
          <reporter-output>
          </reporter-output>
        </test-method> <!-- setup -->
        <test-method status="PASS" signature="addnewcontactest(java.lang.String, java.lang.String, java.lang.String)[pri:0, instance:com.qa.testcases.Contactspagetest@59ec2012]" name="addnewcontactest" duration-ms="5599" started-at="2020-01-03T16:21:29Z" data-provider="getcontactsdata" finished-at="2020-01-03T16:21:35Z">
          <params>
            <param index="0">
              <value>
                <![CDATA[Dr.]]>
              </value>
            </param>
            <param index="1">
              <value>
                <![CDATA[1292019.0]]>
              </value>
            </param>
            <param index="2">
              <value>
                <![CDATA[1292019.0]]>
              </value>
            </param>
          </params>
          <reporter-output>
          </reporter-output>
        </test-method> <!-- addnewcontactest -->
        <test-method status="PASS" signature="teardown()[pri:0, instance:com.qa.testcases.Contactspagetest@59ec2012]" name="teardown" is-config="true" duration-ms="11065" started-at="2020-01-03T16:21:35Z" finished-at="2020-01-03T16:21:46Z">
          <reporter-output>
          </reporter-output>
        </test-method> <!-- teardown -->
        <test-method status="PASS" signature="setup()[pri:0, instance:com.qa.testcases.Contactspagetest@59ec2012]" name="setup" is-config="true" duration-ms="25022" started-at="2020-01-03T16:21:46Z" finished-at="2020-01-03T16:22:11Z">
          <reporter-output>
          </reporter-output>
        </test-method> <!-- setup -->
        <test-method status="PASS" signature="addnewcontactest(java.lang.String, java.lang.String, java.lang.String)[pri:0, instance:com.qa.testcases.Contactspagetest@59ec2012]" name="addnewcontactest" duration-ms="3888" started-at="2020-01-03T16:22:11Z" data-provider="getcontactsdata" finished-at="2020-01-03T16:22:15Z">
          <params>
            <param index="0">
              <value>
                <![CDATA[Mr.]]>
              </value>
            </param>
            <param index="1">
              <value>
                <![CDATA[1312019.0]]>
              </value>
            </param>
            <param index="2">
              <value>
                <![CDATA[1312019.0]]>
              </value>
            </param>
          </params>
          <reporter-output>
          </reporter-output>
        </test-method> <!-- addnewcontactest -->
        <test-method status="PASS" signature="teardown()[pri:0, instance:com.qa.testcases.Contactspagetest@59ec2012]" name="teardown" is-config="true" duration-ms="8604" started-at="2020-01-03T16:22:15Z" finished-at="2020-01-03T16:22:24Z">
          <reporter-output>
          </reporter-output>
        </test-method> <!-- teardown -->
        <test-method status="PASS" signature="setup()[pri:0, instance:com.qa.testcases.Contactspagetest@59ec2012]" name="setup" is-config="true" duration-ms="25157" started-at="2020-01-03T16:22:24Z" finished-at="2020-01-03T16:22:49Z">
          <reporter-output>
          </reporter-output>
        </test-method> <!-- setup -->
        <test-method status="PASS" signature="addnewcontactest(java.lang.String, java.lang.String, java.lang.String)[pri:0, instance:com.qa.testcases.Contactspagetest@59ec2012]" name="addnewcontactest" duration-ms="4451" started-at="2020-01-03T16:22:49Z" data-provider="getcontactsdata" finished-at="2020-01-03T16:22:53Z">
          <params>
            <param index="0">
              <value>
                <![CDATA[Mrs.]]>
              </value>
            </param>
            <param index="1">
              <value>
                <![CDATA[1302019.0]]>
              </value>
            </param>
            <param index="2">
              <value>
                <![CDATA[1302019.0]]>
              </value>
            </param>
          </params>
          <reporter-output>
          </reporter-output>
        </test-method> <!-- addnewcontactest -->
        <test-method status="PASS" signature="teardown()[pri:0, instance:com.qa.testcases.Contactspagetest@59ec2012]" name="teardown" is-config="true" duration-ms="8025" started-at="2020-01-03T16:22:53Z" finished-at="2020-01-03T16:23:01Z">
          <reporter-output>
          </reporter-output>
        </test-method> <!-- teardown -->
      </class> <!-- com.qa.testcases.Contactspagetest -->
    </test> <!-- Default test -->
  </suite> <!-- Default suite -->
</testng-results>
